<?xml version="1.0" encoding="UTF-8"?>
<testsuite name="it.unisalento.se.saw.restapi.StudentControllerTest" tests="8" skipped="0" failures="1" errors="0" timestamp="2019-02-12T11:22:32" hostname="Francos-MBP.station" time="2.603">
  <properties/>
  <testcase name="findAllStudentExceptionTest" classname="it.unisalento.se.saw.restapi.StudentControllerTest" time="1.099"/>
  <testcase name="findAllStudentTest" classname="it.unisalento.se.saw.restapi.StudentControllerTest" time="0.251"/>
  <testcase name="createStudentTest" classname="it.unisalento.se.saw.restapi.StudentControllerTest" time="0.596"/>
  <testcase name="updateStudentException1Test" classname="it.unisalento.se.saw.restapi.StudentControllerTest" time="0.182">
    <failure message="java.lang.AssertionError: Status expected:&lt;400&gt; but was:&lt;404&gt;" type="java.lang.AssertionError">java.lang.AssertionError: Status expected:&lt;400&gt; but was:&lt;404&gt;
	at org.springframework.test.util.AssertionErrors.fail(AssertionErrors.java:55)
	at org.springframework.test.util.AssertionErrors.assertEquals(AssertionErrors.java:82)
	at org.springframework.test.web.servlet.result.StatusResultMatchers.lambda$matcher$9(StatusResultMatchers.java:617)
	at org.springframework.test.web.servlet.MockMvc$1.andExpect(MockMvc.java:179)
	at it.unisalento.se.saw.restapi.StudentControllerTest.updateStudentException1Test(StudentControllerTest.java:196)
	at java.base/jdk.internal.reflect.NativeMethodAccessorImpl.invoke0(Native Method)
	at java.base/jdk.internal.reflect.NativeMethodAccessorImpl.invoke(NativeMethodAccessorImpl.java:62)
	at java.base/jdk.internal.reflect.DelegatingMethodAccessorImpl.invoke(DelegatingMethodAccessorImpl.java:43)
	at java.base/java.lang.reflect.Method.invoke(Method.java:564)
	at org.junit.runners.model.FrameworkMethod$1.runReflectiveCall(FrameworkMethod.java:50)
	at org.junit.internal.runners.model.ReflectiveCallable.run(ReflectiveCallable.java:12)
	at org.junit.runners.model.FrameworkMethod.invokeExplosively(FrameworkMethod.java:47)
	at org.junit.internal.runners.statements.InvokeMethod.evaluate(InvokeMethod.java:17)
	at org.junit.internal.runners.statements.RunBefores.evaluate(RunBefores.java:26)
	at org.junit.runners.ParentRunner.runLeaf(ParentRunner.java:325)
	at org.junit.runners.BlockJUnit4ClassRunner.runChild(BlockJUnit4ClassRunner.java:78)
	at org.junit.runners.BlockJUnit4ClassRunner.runChild(BlockJUnit4ClassRunner.java:57)
	at org.junit.runners.ParentRunner$3.run(ParentRunner.java:290)
	at org.junit.runners.ParentRunner$1.schedule(ParentRunner.java:71)
	at org.junit.runners.ParentRunner.runChildren(ParentRunner.java:288)
	at org.junit.runners.ParentRunner.access$000(ParentRunner.java:58)
	at org.junit.runners.ParentRunner$2.evaluate(ParentRunner.java:268)
	at org.junit.runners.ParentRunner.run(ParentRunner.java:363)
	at org.mockito.internal.runners.JUnit45AndHigherRunnerImpl.run(JUnit45AndHigherRunnerImpl.java:37)
	at org.mockito.runners.MockitoJUnitRunner.run(MockitoJUnitRunner.java:62)
	at org.gradle.api.internal.tasks.testing.junit.JUnitTestClassExecuter.runTestClass(JUnitTestClassExecuter.java:114)
	at org.gradle.api.internal.tasks.testing.junit.JUnitTestClassExecuter.execute(JUnitTestClassExecuter.java:57)
	at org.gradle.api.internal.tasks.testing.junit.JUnitTestClassProcessor.processTestClass(JUnitTestClassProcessor.java:66)
	at org.gradle.api.internal.tasks.testing.SuiteTestClassProcessor.processTestClass(SuiteTestClassProcessor.java:51)
	at java.base/jdk.internal.reflect.NativeMethodAccessorImpl.invoke0(Native Method)
	at java.base/jdk.internal.reflect.NativeMethodAccessorImpl.invoke(NativeMethodAccessorImpl.java:62)
	at java.base/jdk.internal.reflect.DelegatingMethodAccessorImpl.invoke(DelegatingMethodAccessorImpl.java:43)
	at java.base/java.lang.reflect.Method.invoke(Method.java:564)
	at org.gradle.internal.dispatch.ReflectionDispatch.dispatch(ReflectionDispatch.java:35)
	at org.gradle.internal.dispatch.ReflectionDispatch.dispatch(ReflectionDispatch.java:24)
	at org.gradle.internal.dispatch.ContextClassLoaderDispatch.dispatch(ContextClassLoaderDispatch.java:32)
	at org.gradle.internal.dispatch.ProxyDispatchAdapter$DispatchingInvocationHandler.invoke(ProxyDispatchAdapter.java:93)
	at com.sun.proxy.$Proxy1.processTestClass(Unknown Source)
	at org.gradle.api.internal.tasks.testing.worker.TestWorker.processTestClass(TestWorker.java:108)
	at java.base/jdk.internal.reflect.NativeMethodAccessorImpl.invoke0(Native Method)
	at java.base/jdk.internal.reflect.NativeMethodAccessorImpl.invoke(NativeMethodAccessorImpl.java:62)
	at java.base/jdk.internal.reflect.DelegatingMethodAccessorImpl.invoke(DelegatingMethodAccessorImpl.java:43)
	at java.base/java.lang.reflect.Method.invoke(Method.java:564)
	at org.gradle.internal.dispatch.ReflectionDispatch.dispatch(ReflectionDispatch.java:35)
	at org.gradle.internal.dispatch.ReflectionDispatch.dispatch(ReflectionDispatch.java:24)
	at org.gradle.internal.remote.internal.hub.MessageHubBackedObjectConnection$DispatchWrapper.dispatch(MessageHubBackedObjectConnection.java:146)
	at org.gradle.internal.remote.internal.hub.MessageHubBackedObjectConnection$DispatchWrapper.dispatch(MessageHubBackedObjectConnection.java:128)
	at org.gradle.internal.remote.internal.hub.MessageHub$Handler.run(MessageHub.java:404)
	at org.gradle.internal.concurrent.ExecutorPolicy$CatchAndRecordFailures.onExecute(ExecutorPolicy.java:63)
	at org.gradle.internal.concurrent.ManagedExecutorImpl$1.run(ManagedExecutorImpl.java:46)
	at java.base/java.util.concurrent.ThreadPoolExecutor.runWorker(ThreadPoolExecutor.java:1167)
	at java.base/java.util.concurrent.ThreadPoolExecutor$Worker.run(ThreadPoolExecutor.java:641)
	at org.gradle.internal.concurrent.ThreadFactoryImpl$ManagedThreadRunnable.run(ThreadFactoryImpl.java:55)
	at java.base/java.lang.Thread.run(Thread.java:844)
</failure>
  </testcase>
  <testcase name="createStudentExceptionTest" classname="it.unisalento.se.saw.restapi.StudentControllerTest" time="0.184"/>
  <testcase name="updateStudentTest" classname="it.unisalento.se.saw.restapi.StudentControllerTest" time="0.1"/>
  <testcase name="getStudentTest" classname="it.unisalento.se.saw.restapi.StudentControllerTest" time="0.142"/>
  <testcase name="getStudentExceptionTest" classname="it.unisalento.se.saw.restapi.StudentControllerTest" time="0.042"/>
  <system-out><![CDATA[
MockHttpServletRequest:
      HTTP Method = GET
      Request URI = /student/findAll
       Parameters = {}
          Headers = {}
             Body = <no character encoding set>
    Session Attrs = {}

Handler:
             Type = it.unisalento.se.saw.restapi.StudentController
           Method = public org.springframework.http.ResponseEntity<?> it.unisalento.se.saw.restapi.StudentController.listAllStudents()

Async:
    Async started = false
     Async result = null

Resolved Exception:
             Type = null

ModelAndView:
        View name = null
             View = null
            Model = null

FlashMap:
       Attributes = null

MockHttpServletResponse:
           Status = 200
    Error message = null
          Headers = {Content-Type=[application/json;charset=UTF-8]}
     Content type = application/json;charset=UTF-8
             Body = [{"studentId":null,"course":{"courseId":1,"name":"Ingegneria","description":"no description for me","year":3,"cfu":180,"courseType":"BACHELOR"},"person":{"personId":null,"firstName":"Franco","lastName":"Savino","email":"email@email.it","phone":"5555555555","dateOfBirth":"1989-06-20","gender":"M","address":"via Milano","password":"password"},"registrationDate":"2018-10-11","graduationDate":null,"year":1},{"studentId":null,"course":{"courseId":1,"name":"Ingegneria","description":"no description for me","year":3,"cfu":180,"courseType":"BACHELOR"},"person":{"personId":null,"firstName":"Franco","lastName":"Savino","email":"email@email.it","phone":"5555555555","dateOfBirth":"1989-06-20","gender":"M","address":"via Milano","password":"password"},"registrationDate":"2018-10-11","graduationDate":null,"year":1},{"studentId":null,"course":{"courseId":1,"name":"Ingegneria","description":"no description for me","year":3,"cfu":180,"courseType":"BACHELOR"},"person":{"personId":null,"firstName":"Franco","lastName":"Savino","email":"email@email.it","phone":"5555555555","dateOfBirth":"1989-06-20","gender":"M","address":"via Milano","password":"password"},"registrationDate":"2018-10-11","graduationDate":null,"year":1}]
    Forwarded URL = null
   Redirected URL = null
          Cookies = []

MockHttpServletRequest:
      HTTP Method = POST
      Request URI = /student/add
       Parameters = {}
          Headers = {Content-Type=[application/json]}
             Body = <no character encoding set>
    Session Attrs = {}

Handler:
             Type = it.unisalento.se.saw.restapi.StudentController
           Method = public org.springframework.http.ResponseEntity<?> it.unisalento.se.saw.restapi.StudentController.createStudent(it.unisalento.se.saw.dto.StudentDto,org.springframework.validation.BindingResult)

Async:
    Async started = false
     Async result = null

Resolved Exception:
             Type = null

ModelAndView:
        View name = null
             View = null
            Model = null

FlashMap:
       Attributes = null

MockHttpServletResponse:
           Status = 400
    Error message = null
          Headers = {Content-Type=[application/json;charset=UTF-8]}
     Content type = application/json;charset=UTF-8
             Body = {"errorMessage":"Unable to create new Student. Validation error!"}
    Forwarded URL = null
   Redirected URL = null
          Cookies = []
]]></system-out>
  <system-err><![CDATA[SLF4J: Failed to load class "org.slf4j.impl.StaticLoggerBinder".
SLF4J: Defaulting to no-operation (NOP) logger implementation
SLF4J: See http://www.slf4j.org/codes.html#StaticLoggerBinder for further details.
Feb 12, 2019 12:22:32 PM org.hibernate.validator.internal.util.Version <clinit>
INFO: HV000001: Hibernate Validator 5.2.4.Final
]]></system-err>
</testsuite>
