<?xml version="1.0" encoding="UTF-8"?>
<testsuite name="it.unisalento.se.saw.restapi.StudentControllerTest" tests="13" skipped="0" failures="0" errors="0" timestamp="2019-02-20T17:14:17" hostname="Francos-MBP.station" time="0.678">
  <properties/>
  <testcase name="deleteStudentTest" classname="it.unisalento.se.saw.restapi.StudentControllerTest" time="0.02"/>
  <testcase name="findAllStudentExceptionTest" classname="it.unisalento.se.saw.restapi.StudentControllerTest" time="0.028"/>
  <testcase name="findAllStudentTest" classname="it.unisalento.se.saw.restapi.StudentControllerTest" time="0.043"/>
  <testcase name="createStudentTest" classname="it.unisalento.se.saw.restapi.StudentControllerTest" time="0.082"/>
  <testcase name="updateStudentException1Test" classname="it.unisalento.se.saw.restapi.StudentControllerTest" time="0.08"/>
  <testcase name="updateStudentException2Test" classname="it.unisalento.se.saw.restapi.StudentControllerTest" time="0.078"/>
  <testcase name="createStudentExceptionTest" classname="it.unisalento.se.saw.restapi.StudentControllerTest" time="0.067"/>
  <testcase name="deleteStudentExceptionTest" classname="it.unisalento.se.saw.restapi.StudentControllerTest" time="0.03"/>
  <testcase name="listAllCourseSStudentsTest" classname="it.unisalento.se.saw.restapi.StudentControllerTest" time="0.045"/>
  <testcase name="updateStudentTest" classname="it.unisalento.se.saw.restapi.StudentControllerTest" time="0.046"/>
  <testcase name="getStudentTest" classname="it.unisalento.se.saw.restapi.StudentControllerTest" time="0.055"/>
  <testcase name="listAllCourseSStudentsExceptionTest" classname="it.unisalento.se.saw.restapi.StudentControllerTest" time="0.044"/>
  <testcase name="getStudentExceptionTest" classname="it.unisalento.se.saw.restapi.StudentControllerTest" time="0.044"/>
  <system-out><![CDATA[Fetching & Deleting Student with id 1
Fetching & Deleting Student with id 1
]]></system-out>
  <system-err><![CDATA[]]></system-err>
</testsuite>
