<?xml version="1.0" encoding="UTF-8"?>
<testsuite name="it.unisalento.se.saw.restapi.StudentControllerTest" tests="13" skipped="0" failures="0" errors="0" timestamp="2019-02-20T09:33:46" hostname="Francos-MBP.station" time="0.289">
  <properties/>
  <testcase name="deleteStudentTest" classname="it.unisalento.se.saw.restapi.StudentControllerTest" time="0.024"/>
  <testcase name="findAllStudentExceptionTest" classname="it.unisalento.se.saw.restapi.StudentControllerTest" time="0.014"/>
  <testcase name="findAllStudentTest" classname="it.unisalento.se.saw.restapi.StudentControllerTest" time="0.018"/>
  <testcase name="createStudentTest" classname="it.unisalento.se.saw.restapi.StudentControllerTest" time="0.039"/>
  <testcase name="updateStudentException1Test" classname="it.unisalento.se.saw.restapi.StudentControllerTest" time="0.026"/>
  <testcase name="updateStudentException2Test" classname="it.unisalento.se.saw.restapi.StudentControllerTest" time="0.022"/>
  <testcase name="createStudentExceptionTest" classname="it.unisalento.se.saw.restapi.StudentControllerTest" time="0.025"/>
  <testcase name="deleteStudentExceptionTest" classname="it.unisalento.se.saw.restapi.StudentControllerTest" time="0.019"/>
  <testcase name="listAllCourseSStudentsTest" classname="it.unisalento.se.saw.restapi.StudentControllerTest" time="0.018"/>
  <testcase name="updateStudentTest" classname="it.unisalento.se.saw.restapi.StudentControllerTest" time="0.024"/>
  <testcase name="getStudentTest" classname="it.unisalento.se.saw.restapi.StudentControllerTest" time="0.018"/>
  <testcase name="listAllCourseSStudentsExceptionTest" classname="it.unisalento.se.saw.restapi.StudentControllerTest" time="0.015"/>
  <testcase name="getStudentExceptionTest" classname="it.unisalento.se.saw.restapi.StudentControllerTest" time="0.017"/>
  <system-out><![CDATA[Fetching & Deleting Student with id 1
Fetching & Deleting Student with id 1
]]></system-out>
  <system-err><![CDATA[]]></system-err>
</testsuite>
